#! /opt/homebrew/Cellar/icarus-verilog/11.0/bin/vvp
:ivl_version "11.0 (stable)";
:ivl_delay_selection "TYPICAL";
:vpi_time_precision + 0;
:vpi_module "/opt/homebrew/Cellar/icarus-verilog/11.0/lib/ivl/system.vpi";
:vpi_module "/opt/homebrew/Cellar/icarus-verilog/11.0/lib/ivl/vhdl_sys.vpi";
:vpi_module "/opt/homebrew/Cellar/icarus-verilog/11.0/lib/ivl/vhdl_textio.vpi";
:vpi_module "/opt/homebrew/Cellar/icarus-verilog/11.0/lib/ivl/v2005_math.vpi";
:vpi_module "/opt/homebrew/Cellar/icarus-verilog/11.0/lib/ivl/va_math.vpi";
S_0x12c6080e0 .scope module, "Testbench" "Testbench" 2 13;
 .timescale 0 0;
v0x12c61e770_0 .var "a", 0 0;
v0x12c61e810_0 .var "b", 0 0;
v0x12c61e8c0_0 .var "clk", 0 0;
v0x12c61e970_0 .var "sel", 0 0;
v0x12c61ea20_0 .net "y", 0 0, L_0x12c61ecd0;  1 drivers
E_0x12c609a70 .event posedge, v0x12c61e8c0_0;
S_0x12c608250 .scope module, "mux" "simple_in_out" 2 22, 2 1 0, S_0x12c6080e0;
 .timescale 0 0;
    .port_info 0 /INPUT 1 "in1";
    .port_info 1 /INPUT 1 "in2";
    .port_info 2 /INPUT 1 "in3";
    .port_info 3 /OUTPUT 1 "out1";
L_0x12c61eaf0 .functor AND 1, v0x12c61e770_0, v0x12c61e810_0, C4<1>, C4<1>;
L_0x12c61ec20 .functor OR 1, v0x12c61e810_0, v0x12c61e970_0, C4<0>, C4<0>;
L_0x12c61ecd0 .functor OR 1, L_0x12c61eaf0, L_0x12c61ec20, C4<0>, C4<0>;
v0x12c609000_0 .net *"_ivl_1", 0 0, L_0x12c61eaf0;  1 drivers
v0x12c61e3c0_0 .net *"_ivl_3", 0 0, L_0x12c61ec20;  1 drivers
v0x12c61e460_0 .net "in1", 0 0, v0x12c61e770_0;  1 drivers
v0x12c61e510_0 .net "in2", 0 0, v0x12c61e810_0;  1 drivers
v0x12c61e5b0_0 .net "in3", 0 0, v0x12c61e970_0;  1 drivers
v0x12c61e690_0 .net "out1", 0 0, L_0x12c61ecd0;  alias, 1 drivers
    .scope S_0x12c6080e0;
T_0 ;
    %delay 5, 0;
    %load/vec4 v0x12c61e8c0_0;
    %inv;
    %store/vec4 v0x12c61e8c0_0, 0, 1;
    %jmp T_0;
    .thread T_0;
    .scope S_0x12c6080e0;
T_1 ;
    %pushi/vec4 0, 0, 1;
    %store/vec4 v0x12c61e770_0, 0, 1;
    %pushi/vec4 1, 0, 1;
    %store/vec4 v0x12c61e810_0, 0, 1;
    %pushi/vec4 0, 0, 1;
    %store/vec4 v0x12c61e970_0, 0, 1;
    %delay 10, 0;
    %pushi/vec4 1, 0, 1;
    %store/vec4 v0x12c61e970_0, 0, 1;
    %delay 10, 0;
    %pushi/vec4 1, 0, 1;
    %store/vec4 v0x12c61e770_0, 0, 1;
    %pushi/vec4 0, 0, 1;
    %store/vec4 v0x12c61e810_0, 0, 1;
    %delay 10, 0;
    %pushi/vec4 0, 0, 1;
    %store/vec4 v0x12c61e970_0, 0, 1;
    %delay 10, 0;
    %vpi_call 2 51 "$finish" {0 0 0};
    %end;
    .thread T_1;
    .scope S_0x12c6080e0;
T_2 ;
    %wait E_0x12c609a70;
    %vpi_call 2 56 "$display", "a=%b, b=%b, sel=%b, y=%b", v0x12c61e770_0, v0x12c61e810_0, v0x12c61e970_0, v0x12c61ea20_0 {0 0 0};
    %jmp T_2;
    .thread T_2;
# The file index is used to find the file name in the following table.
:file_names 3;
    "N/A";
    "<interactive>";
    "simple.v";
